Add Component: Footprint Not Found CRYSTAL SMD 32,768 kHz
Add Component: Footprint Not Found LED7SEG
Add Component: Footprint Not Found LED7SEG
Add Component: Footprint Not Found LED7SEG
Add Component: Footprint Not Found LED7SEG
Add Component: Footprint Not Found LED7SEG
Add Component: Footprint Not Found LED7SEG
Add Component: Footprint Not Found DIP14/W0.3
Add Component: Footprint Not Found R1/4W
Add Component: Footprint Not Found R1/4W
Add Component: Footprint Not Found R1/4W
Add Component: Footprint Not Found R1/4W
Add Component: Footprint Not Found R1/4W
Add Component: Footprint Not Found R1/4W
Add Component: Footprint Not Found R1/4W
Add Component: Footprint Not Found R1/4W
Add Component: Footprint Not Found R1/4W
Add Component: Footprint Not Found R1/4W
Add Component: Footprint Not Found R1/4W
Add Component: Footprint Not Found R1/4W
Add Component: Footprint Not Found R1/4W
Add Component: Footprint Not Found R1/4W
Add Component: Footprint Not Found R1/4W
Add Component: Footprint Not Found R1/4W
Add Component: Footprint Not Found R1/4W
Add Component: Footprint Not Found R1/4W
Add Component: Footprint Not Found R1/4W
Add Component: Footprint Not Found R1/4W
Add Component: Footprint Not Found R1/4W
Add Component: Footprint Not Found R1/4W
Add Component: Footprint Not Found R1/4W
Add Component: Footprint Not Found R1/4W
Add Component: Footprint Not Found R1/4W
Add Component: Footprint Not Found R1/4W
Add Component: Footprint Not Found R1/4W
Add Component: Footprint Not Found R1/4W
Add Component: Footprint Not Found R1/4W
Add Component: Footprint Not Found R1/4W
Add Component: Footprint Not Found R1/4W
Add Component: Footprint Not Found R1/4W
Add Component: Footprint Not Found R1/4W
Add Component: Footprint Not Found R1/4W
Add Component: Footprint Not Found R1/4W
Add Component: Footprint Not Found R1/4W
Add Component: Footprint Not Found R1/4W
Add Component: Footprint Not Found R1/4W
Add Component: Footprint Not Found R1/4W
Add Component: Footprint Not Found R1/4W
Add Component: Footprint Not Found R1/4W
Add Component: Footprint Not Found R1/4W
Add Pin To Net: Unknown Pin: Pin CT1-1
Add Pin To Net: Unknown Pin: Pin CT1-2
Add Pin To Net: Unknown Pin: Pin DS1-1
Add Pin To Net: Unknown Pin: Pin DS1-2
Add Pin To Net: Unknown Pin: Pin DS1-3
Add Pin To Net: Unknown Pin: Pin DS1-4
Add Pin To Net: Unknown Pin: Pin DS1-6
Add Pin To Net: Unknown Pin: Pin DS1-7
Add Pin To Net: Unknown Pin: Pin DS1-8
Add Pin To Net: Unknown Pin: Pin DS1-9
Add Pin To Net: Unknown Pin: Pin DS1-10
Add Pin To Net: Unknown Pin: Pin DS2-1
Add Pin To Net: Unknown Pin: Pin DS2-2
Add Pin To Net: Unknown Pin: Pin DS2-3
Add Pin To Net: Unknown Pin: Pin DS2-4
Add Pin To Net: Unknown Pin: Pin DS2-6
Add Pin To Net: Unknown Pin: Pin DS2-7
Add Pin To Net: Unknown Pin: Pin DS2-8
Add Pin To Net: Unknown Pin: Pin DS2-9
Add Pin To Net: Unknown Pin: Pin DS2-10
Add Pin To Net: Unknown Pin: Pin DS3-1
Add Pin To Net: Unknown Pin: Pin DS3-2
Add Pin To Net: Unknown Pin: Pin DS3-3
Add Pin To Net: Unknown Pin: Pin DS3-4
Add Pin To Net: Unknown Pin: Pin DS3-6
Add Pin To Net: Unknown Pin: Pin DS3-7
Add Pin To Net: Unknown Pin: Pin DS3-8
Add Pin To Net: Unknown Pin: Pin DS3-9
Add Pin To Net: Unknown Pin: Pin DS3-10
Add Pin To Net: Unknown Pin: Pin DS4-1
Add Pin To Net: Unknown Pin: Pin DS4-2
Add Pin To Net: Unknown Pin: Pin DS4-3
Add Pin To Net: Unknown Pin: Pin DS4-4
Add Pin To Net: Unknown Pin: Pin DS4-6
Add Pin To Net: Unknown Pin: Pin DS4-7
Add Pin To Net: Unknown Pin: Pin DS4-8
Add Pin To Net: Unknown Pin: Pin DS4-9
Add Pin To Net: Unknown Pin: Pin DS4-10
Add Pin To Net: Unknown Pin: Pin DS5-1
Add Pin To Net: Unknown Pin: Pin DS5-2
Add Pin To Net: Unknown Pin: Pin DS5-3
Add Pin To Net: Unknown Pin: Pin DS5-4
Add Pin To Net: Unknown Pin: Pin DS5-6
Add Pin To Net: Unknown Pin: Pin DS5-7
Add Pin To Net: Unknown Pin: Pin DS5-8
Add Pin To Net: Unknown Pin: Pin DS5-9
Add Pin To Net: Unknown Pin: Pin DS5-10
Add Pin To Net: Unknown Pin: Pin DS6-1
Add Pin To Net: Unknown Pin: Pin DS6-2
Add Pin To Net: Unknown Pin: Pin DS6-3
Add Pin To Net: Unknown Pin: Pin DS6-4
Add Pin To Net: Unknown Pin: Pin DS6-6
Add Pin To Net: Unknown Pin: Pin DS6-7
Add Pin To Net: Unknown Pin: Pin DS6-8
Add Pin To Net: Unknown Pin: Pin DS6-9
Add Pin To Net: Unknown Pin: Pin DS6-10
Add Pin To Net: Unknown Pin: Pin IC13-4
Add Pin To Net: Unknown Pin: Pin IC13-6
Add Pin To Net: Unknown Pin: Pin IC13-7
Add Pin To Net: Unknown Pin: Pin R1-1
Add Pin To Net: Unknown Pin: Pin R1-2
Add Pin To Net: Unknown Pin: Pin R2-1
Add Pin To Net: Unknown Pin: Pin R2-2
Add Pin To Net: Unknown Pin: Pin R3-1
Add Pin To Net: Unknown Pin: Pin R3-2
Add Pin To Net: Unknown Pin: Pin R4-1
Add Pin To Net: Unknown Pin: Pin R4-2
Add Pin To Net: Unknown Pin: Pin R5-1
Add Pin To Net: Unknown Pin: Pin R5-2
Add Pin To Net: Unknown Pin: Pin R6-1
Add Pin To Net: Unknown Pin: Pin R6-2
Add Pin To Net: Unknown Pin: Pin R7-1
Add Pin To Net: Unknown Pin: Pin R7-2
Add Pin To Net: Unknown Pin: Pin R8-1
Add Pin To Net: Unknown Pin: Pin R8-2
Add Pin To Net: Unknown Pin: Pin R9-1
Add Pin To Net: Unknown Pin: Pin R9-2
Add Pin To Net: Unknown Pin: Pin R10-1
Add Pin To Net: Unknown Pin: Pin R10-2
Add Pin To Net: Unknown Pin: Pin R11-1
Add Pin To Net: Unknown Pin: Pin R11-2
Add Pin To Net: Unknown Pin: Pin R12-1
Add Pin To Net: Unknown Pin: Pin R12-2
Add Pin To Net: Unknown Pin: Pin R13-1
Add Pin To Net: Unknown Pin: Pin R13-2
Add Pin To Net: Unknown Pin: Pin R14-1
Add Pin To Net: Unknown Pin: Pin R14-2
Add Pin To Net: Unknown Pin: Pin R15-1
Add Pin To Net: Unknown Pin: Pin R15-2
Add Pin To Net: Unknown Pin: Pin R16-1
Add Pin To Net: Unknown Pin: Pin R16-2
Add Pin To Net: Unknown Pin: Pin R17-1
Add Pin To Net: Unknown Pin: Pin R17-2
Add Pin To Net: Unknown Pin: Pin R18-1
Add Pin To Net: Unknown Pin: Pin R18-2
Add Pin To Net: Unknown Pin: Pin R19-1
Add Pin To Net: Unknown Pin: Pin R19-2
Add Pin To Net: Unknown Pin: Pin R20-1
Add Pin To Net: Unknown Pin: Pin R20-2
Add Pin To Net: Unknown Pin: Pin R21-1
Add Pin To Net: Unknown Pin: Pin R21-2
Add Pin To Net: Unknown Pin: Pin R22-1
Add Pin To Net: Unknown Pin: Pin R22-2
Add Pin To Net: Unknown Pin: Pin R23-1
Add Pin To Net: Unknown Pin: Pin R23-2
Add Pin To Net: Unknown Pin: Pin R24-1
Add Pin To Net: Unknown Pin: Pin R24-2
Add Pin To Net: Unknown Pin: Pin R25-1
Add Pin To Net: Unknown Pin: Pin R25-2
Add Pin To Net: Unknown Pin: Pin R26-1
Add Pin To Net: Unknown Pin: Pin R26-2
Add Pin To Net: Unknown Pin: Pin R27-1
Add Pin To Net: Unknown Pin: Pin R27-2
Add Pin To Net: Unknown Pin: Pin R28-1
Add Pin To Net: Unknown Pin: Pin R28-2
Add Pin To Net: Unknown Pin: Pin R29-1
Add Pin To Net: Unknown Pin: Pin R29-2
Add Pin To Net: Unknown Pin: Pin R30-1
Add Pin To Net: Unknown Pin: Pin R30-2
Add Pin To Net: Unknown Pin: Pin R31-1
Add Pin To Net: Unknown Pin: Pin R31-2
Add Pin To Net: Unknown Pin: Pin R32-1
Add Pin To Net: Unknown Pin: Pin R32-2
Add Pin To Net: Unknown Pin: Pin R33-1
Add Pin To Net: Unknown Pin: Pin R33-2
Add Pin To Net: Unknown Pin: Pin R34-1
Add Pin To Net: Unknown Pin: Pin R34-2
Add Pin To Net: Unknown Pin: Pin R35-1
Add Pin To Net: Unknown Pin: Pin R35-2
Add Pin To Net: Unknown Pin: Pin R36-1
Add Pin To Net: Unknown Pin: Pin R36-2
Add Pin To Net: Unknown Pin: Pin R37-1
Add Pin To Net: Unknown Pin: Pin R37-2
Add Pin To Net: Unknown Pin: Pin R38-1
Add Pin To Net: Unknown Pin: Pin R38-2
Add Pin To Net: Unknown Pin: Pin R39-1
Add Pin To Net: Unknown Pin: Pin R39-2
Add Pin To Net: Unknown Pin: Pin R40-1
Add Pin To Net: Unknown Pin: Pin R40-2
Add Pin To Net: Unknown Pin: Pin R41-1
Add Pin To Net: Unknown Pin: Pin R41-2
Add Pin To Net: Unknown Pin: Pin R42-1
Add Pin To Net: Unknown Pin: Pin R42-2
Add Class Member: Failed to add class member : Component CT1 32768Hz
Add Class Member: Failed to add class member : Component DS1 7SEG-A
Add Class Member: Failed to add class member : Component DS2 7SEG-A
Add Class Member: Failed to add class member : Component DS3 7SEG-A
Add Class Member: Failed to add class member : Component DS4 7SEG-A
Add Class Member: Failed to add class member : Component DS5 7SEG-A
Add Class Member: Failed to add class member : Component DS6 7SEG-A
Add Class Member: Failed to add class member : Component IC13 CD4013
Add Class Member: Failed to add class member : Component R1 1k
Add Class Member: Failed to add class member : Component R2 1k
Add Class Member: Failed to add class member : Component R3 1k
Add Class Member: Failed to add class member : Component R4 1k
Add Class Member: Failed to add class member : Component R5 1k
Add Class Member: Failed to add class member : Component R6 1k
Add Class Member: Failed to add class member : Component R7 1k
Add Class Member: Failed to add class member : Component R8 1k
Add Class Member: Failed to add class member : Component R9 1k
Add Class Member: Failed to add class member : Component R10 1k
Add Class Member: Failed to add class member : Component R11 1k
Add Class Member: Failed to add class member : Component R12 1k
Add Class Member: Failed to add class member : Component R13 1k
Add Class Member: Failed to add class member : Component R14 1k
Add Class Member: Failed to add class member : Component R15 1k
Add Class Member: Failed to add class member : Component R16 1k
Add Class Member: Failed to add class member : Component R17 1k
Add Class Member: Failed to add class member : Component R18 1k
Add Class Member: Failed to add class member : Component R19 1k
Add Class Member: Failed to add class member : Component R20 1k
Add Class Member: Failed to add class member : Component R21 1k
Add Class Member: Failed to add class member : Component R22 1k
Add Class Member: Failed to add class member : Component R23 1k
Add Class Member: Failed to add class member : Component R24 1k
Add Class Member: Failed to add class member : Component R25 1k
Add Class Member: Failed to add class member : Component R26 1k
Add Class Member: Failed to add class member : Component R27 1k
Add Class Member: Failed to add class member : Component R28 1k
Add Class Member: Failed to add class member : Component R29 1k
Add Class Member: Failed to add class member : Component R30 1k
Add Class Member: Failed to add class member : Component R31 1k
Add Class Member: Failed to add class member : Component R32 1k
Add Class Member: Failed to add class member : Component R33 1k
Add Class Member: Failed to add class member : Component R34 1k
Add Class Member: Failed to add class member : Component R35 1k
Add Class Member: Failed to add class member : Component R36 1k
Add Class Member: Failed to add class member : Component R37 1k
Add Class Member: Failed to add class member : Component R38 1k
Add Class Member: Failed to add class member : Component R39 1k
Add Class Member: Failed to add class member : Component R40 1k
Add Class Member: Failed to add class member : Component R41 1k
Add Class Member: Failed to add class member : Component R42 1k
