Removed Pin From Net: NetName=NetIC3_9 Pin=IC3-9
Removed Pin From Net: NetName=NetIC3_10 Pin=IC3-10
Removed Pin From Net: NetName=NetIC3_11 Pin=IC3-11
Removed Pin From Net: NetName=NetIC3_12 Pin=IC3-12
Removed Pin From Net: NetName=NetIC3_13 Pin=IC3-13
Removed Pin From Net: NetName=NetIC3_14 Pin=IC3-14
Removed Pin From Net: NetName=NetIC3_15 Pin=IC3-15
Removed Pin From Net: NetName=NetIC7_9 Pin=IC7-9
Removed Pin From Net: NetName=NetIC7_10 Pin=IC7-10
Removed Pin From Net: NetName=NetIC7_11 Pin=IC7-11
Removed Pin From Net: NetName=NetIC7_12 Pin=IC7-12
Removed Pin From Net: NetName=NetIC7_13 Pin=IC7-13
Removed Pin From Net: NetName=NetIC7_14 Pin=IC7-14
Removed Pin From Net: NetName=NetIC7_15 Pin=IC7-15
Removed Pin From Net: NetName=NetIC9_9 Pin=IC9-9
Removed Pin From Net: NetName=NetIC9_10 Pin=IC9-10
Removed Pin From Net: NetName=NetIC9_11 Pin=IC9-11
Removed Pin From Net: NetName=NetIC9_12 Pin=IC9-12
Removed Pin From Net: NetName=NetIC9_13 Pin=IC9-13
Removed Pin From Net: NetName=NetIC9_14 Pin=IC9-14
Removed Pin From Net: NetName=NetIC9_15 Pin=IC9-15
Removed Pin From Net: NetName=G2 Pin=U1-1
Removed Pin From Net: NetName=G7 Pin=U1-2
Removed Pin From Net: NetName=G Pin=U1-3
Removed Pin From Net: NetName=GIO Pin=U1-4
Removed Pin From Net: NetName=P2 Pin=U1-5
Removed Pin From Net: NetName=P3 Pin=U1-6
Removed Pin From Net: NetName=S2 Pin=U1-8
Removed Pin From Net: NetName=S3 Pin=U1-9
Removed Pin From Net: NetName=PHUT Pin=U1-10
Removed Member From Class: ClassName=DHS Member=U5
Change Component Designator: OldDesignator=IC2 NewDesignator=IC4
Change Component Designator: OldDesignator=IC3 NewDesignator=IC7
Change Component Designator: OldDesignator=IC4 NewDesignator=IC10
Change Component Designator: OldDesignator=IC5 NewDesignator=IC2
Change Component Designator: OldDesignator=IC6 NewDesignator=IC5
Change Component Designator: OldDesignator=IC7 NewDesignator=IC8
Change Component Designator: OldDesignator=IC8 NewDesignator=IC11
Change Component Designator: OldDesignator=IC9 NewDesignator=IC3
Change Component Designator: OldDesignator=IC10 NewDesignator=IC6
Change Component Designator: OldDesignator=IC11 NewDesignator=IC9
Change Component Designator: OldDesignator=R44 NewDesignator=R46
Change Component Designator: OldDesignator=R45 NewDesignator=R44
Change Component Designator: OldDesignator=R46 NewDesignator=R47
Change Component Designator: OldDesignator=R47 NewDesignator=R45
Change Component Designator: OldDesignator=U2 NewDesignator=U3
Change Component Designator: OldDesignator=U3 NewDesignator=U4
Change Component Designator: OldDesignator=U4 NewDesignator=U1
Change Component Designator: OldDesignator=U5 NewDesignator=U2
Add Component: Footprint Not Found CRYSTAL SMD 32,768 kHz
Add Component: Footprint Not Found LED7SEG
Add Component: Footprint Not Found LED7SEG
Add Component: Footprint Not Found LED7SEG
Add Component: Footprint Not Found LED7SEG
Add Component: Footprint Not Found LED7SEG
Add Component: Footprint Not Found LED7SEG
Add Component: Footprint Not Found DIP14/W0.3
Add Component: Footprint Not Found R1/4W
Add Component: Footprint Not Found R1/4W
Add Component: Footprint Not Found R1/4W
Add Component: Footprint Not Found R1/4W
Add Component: Footprint Not Found R1/4W
Add Component: Footprint Not Found R1/4W
Add Component: Footprint Not Found R1/4W
Add Component: Footprint Not Found R1/4W
Add Component: Footprint Not Found R1/4W
Add Component: Footprint Not Found R1/4W
Add Component: Footprint Not Found R1/4W
Add Component: Footprint Not Found R1/4W
Add Component: Footprint Not Found R1/4W
Add Component: Footprint Not Found R1/4W
Add Component: Footprint Not Found R1/4W
Add Component: Footprint Not Found R1/4W
Add Component: Footprint Not Found R1/4W
Add Component: Footprint Not Found R1/4W
Add Component: Footprint Not Found R1/4W
Add Component: Footprint Not Found R1/4W
Add Component: Footprint Not Found R1/4W
Add Component: Footprint Not Found R1/4W
Add Component: Footprint Not Found R1/4W
Add Component: Footprint Not Found R1/4W
Add Component: Footprint Not Found R1/4W
Add Component: Footprint Not Found R1/4W
Add Component: Footprint Not Found R1/4W
Add Component: Footprint Not Found R1/4W
Add Component: Footprint Not Found R1/4W
Add Component: Footprint Not Found R1/4W
Add Component: Footprint Not Found R1/4W
Add Component: Footprint Not Found R1/4W
Add Component: Footprint Not Found R1/4W
Add Component: Footprint Not Found R1/4W
Add Component: Footprint Not Found R1/4W
Add Component: Footprint Not Found R1/4W
Add Component: Footprint Not Found R1/4W
Add Component: Footprint Not Found R1/4W
Add Component: Footprint Not Found R1/4W
Add Component: Footprint Not Found R1/4W
Add Component: Footprint Not Found R1/4W
Add Component: Footprint Not Found R1/4W
Add Pin To Net: Unknown Pin: Pin CT1-1
Add Pin To Net: Unknown Pin: Pin CT1-2
Add Pin To Net: Unknown Pin: Pin DS1-1
Add Pin To Net: Unknown Pin: Pin DS1-2
Add Pin To Net: Unknown Pin: Pin DS1-3
Add Pin To Net: Unknown Pin: Pin DS1-4
Add Pin To Net: Unknown Pin: Pin DS1-6
Add Pin To Net: Unknown Pin: Pin DS1-7
Add Pin To Net: Unknown Pin: Pin DS1-8
Add Pin To Net: Unknown Pin: Pin DS1-9
Add Pin To Net: Unknown Pin: Pin DS1-10
Add Pin To Net: Unknown Pin: Pin DS2-1
Add Pin To Net: Unknown Pin: Pin DS2-2
Add Pin To Net: Unknown Pin: Pin DS2-3
Add Pin To Net: Unknown Pin: Pin DS2-4
Add Pin To Net: Unknown Pin: Pin DS2-6
Add Pin To Net: Unknown Pin: Pin DS2-7
Add Pin To Net: Unknown Pin: Pin DS2-8
Add Pin To Net: Unknown Pin: Pin DS2-9
Add Pin To Net: Unknown Pin: Pin DS2-10
Add Pin To Net: Unknown Pin: Pin DS3-1
Add Pin To Net: Unknown Pin: Pin DS3-2
Add Pin To Net: Unknown Pin: Pin DS3-3
Add Pin To Net: Unknown Pin: Pin DS3-4
Add Pin To Net: Unknown Pin: Pin DS3-6
Add Pin To Net: Unknown Pin: Pin DS3-7
Add Pin To Net: Unknown Pin: Pin DS3-8
Add Pin To Net: Unknown Pin: Pin DS3-9
Add Pin To Net: Unknown Pin: Pin DS3-10
Add Pin To Net: Unknown Pin: Pin DS4-1
Add Pin To Net: Unknown Pin: Pin DS4-2
Add Pin To Net: Unknown Pin: Pin DS4-3
Add Pin To Net: Unknown Pin: Pin DS4-4
Add Pin To Net: Unknown Pin: Pin DS4-6
Add Pin To Net: Unknown Pin: Pin DS4-7
Add Pin To Net: Unknown Pin: Pin DS4-8
Add Pin To Net: Unknown Pin: Pin DS4-9
Add Pin To Net: Unknown Pin: Pin DS4-10
Add Pin To Net: Unknown Pin: Pin DS5-1
Add Pin To Net: Unknown Pin: Pin DS5-2
Add Pin To Net: Unknown Pin: Pin DS5-3
Add Pin To Net: Unknown Pin: Pin DS5-4
Add Pin To Net: Unknown Pin: Pin DS5-6
Add Pin To Net: Unknown Pin: Pin DS5-7
Add Pin To Net: Unknown Pin: Pin DS5-8
Add Pin To Net: Unknown Pin: Pin DS5-9
Add Pin To Net: Unknown Pin: Pin DS5-10
Add Pin To Net: Unknown Pin: Pin DS6-1
Add Pin To Net: Unknown Pin: Pin DS6-2
Add Pin To Net: Unknown Pin: Pin DS6-3
Add Pin To Net: Unknown Pin: Pin DS6-4
Add Pin To Net: Unknown Pin: Pin DS6-6
Add Pin To Net: Unknown Pin: Pin DS6-7
Add Pin To Net: Unknown Pin: Pin DS6-8
Add Pin To Net: Unknown Pin: Pin DS6-9
Add Pin To Net: Unknown Pin: Pin DS6-10
Added Pin To Net: NetName=NetIC3_9 Pin=IC3-9
Added Pin To Net: NetName=NetIC3_10 Pin=IC3-10
Added Pin To Net: NetName=NetIC3_11 Pin=IC3-11
Added Pin To Net: NetName=NetIC3_12 Pin=IC3-12
Added Pin To Net: NetName=NetIC3_13 Pin=IC3-13
Added Pin To Net: NetName=NetIC3_14 Pin=IC3-14
Added Pin To Net: NetName=NetIC3_15 Pin=IC3-15
Added Pin To Net: NetName=NetIC7_9 Pin=IC7-9
Added Pin To Net: NetName=NetIC7_10 Pin=IC7-10
Added Pin To Net: NetName=NetIC7_11 Pin=IC7-11
Added Pin To Net: NetName=NetIC7_12 Pin=IC7-12
Added Pin To Net: NetName=NetIC7_13 Pin=IC7-13
Added Pin To Net: NetName=NetIC7_14 Pin=IC7-14
Added Pin To Net: NetName=NetIC7_15 Pin=IC7-15
Added Pin To Net: NetName=NetIC9_9 Pin=IC9-9
Added Pin To Net: NetName=NetIC9_10 Pin=IC9-10
Added Pin To Net: NetName=NetIC9_11 Pin=IC9-11
Added Pin To Net: NetName=NetIC9_12 Pin=IC9-12
Added Pin To Net: NetName=NetIC9_13 Pin=IC9-13
Added Pin To Net: NetName=NetIC9_14 Pin=IC9-14
Added Pin To Net: NetName=NetIC9_15 Pin=IC9-15
Add Pin To Net: Unknown Pin: Pin IC13-1
Add Pin To Net: Unknown Pin: Pin IC13-3
Add Pin To Net: Unknown Pin: Pin IC13-4
Add Pin To Net: Unknown Pin: Pin IC13-6
Add Pin To Net: Unknown Pin: Pin IC13-7
Add Pin To Net: Unknown Pin: Pin R1-1
Add Pin To Net: Unknown Pin: Pin R1-2
Add Pin To Net: Unknown Pin: Pin R2-2
Add Pin To Net: Unknown Pin: Pin R3-1
Add Pin To Net: Unknown Pin: Pin R3-2
Add Pin To Net: Unknown Pin: Pin R4-1
Add Pin To Net: Unknown Pin: Pin R4-2
Add Pin To Net: Unknown Pin: Pin R5-2
Add Pin To Net: Unknown Pin: Pin R6-1
Add Pin To Net: Unknown Pin: Pin R6-2
Add Pin To Net: Unknown Pin: Pin R7-1
Add Pin To Net: Unknown Pin: Pin R7-2
Add Pin To Net: Unknown Pin: Pin R8-2
Add Pin To Net: Unknown Pin: Pin R9-1
Add Pin To Net: Unknown Pin: Pin R9-2
Add Pin To Net: Unknown Pin: Pin R10-1
Add Pin To Net: Unknown Pin: Pin R10-2
Add Pin To Net: Unknown Pin: Pin R11-2
Add Pin To Net: Unknown Pin: Pin R12-1
Add Pin To Net: Unknown Pin: Pin R12-2
Add Pin To Net: Unknown Pin: Pin R13-1
Add Pin To Net: Unknown Pin: Pin R13-2
Add Pin To Net: Unknown Pin: Pin R14-2
Add Pin To Net: Unknown Pin: Pin R15-1
Add Pin To Net: Unknown Pin: Pin R15-2
Add Pin To Net: Unknown Pin: Pin R16-1
Add Pin To Net: Unknown Pin: Pin R16-2
Add Pin To Net: Unknown Pin: Pin R17-2
Add Pin To Net: Unknown Pin: Pin R18-1
Add Pin To Net: Unknown Pin: Pin R18-2
Add Pin To Net: Unknown Pin: Pin R19-1
Add Pin To Net: Unknown Pin: Pin R19-2
Add Pin To Net: Unknown Pin: Pin R20-2
Add Pin To Net: Unknown Pin: Pin R21-1
Add Pin To Net: Unknown Pin: Pin R21-2
Add Pin To Net: Unknown Pin: Pin R22-1
Add Pin To Net: Unknown Pin: Pin R22-2
Add Pin To Net: Unknown Pin: Pin R23-2
Add Pin To Net: Unknown Pin: Pin R24-1
Add Pin To Net: Unknown Pin: Pin R24-2
Add Pin To Net: Unknown Pin: Pin R25-1
Add Pin To Net: Unknown Pin: Pin R25-2
Add Pin To Net: Unknown Pin: Pin R26-2
Add Pin To Net: Unknown Pin: Pin R27-1
Add Pin To Net: Unknown Pin: Pin R27-2
Add Pin To Net: Unknown Pin: Pin R28-1
Add Pin To Net: Unknown Pin: Pin R28-2
Add Pin To Net: Unknown Pin: Pin R29-2
Add Pin To Net: Unknown Pin: Pin R30-1
Add Pin To Net: Unknown Pin: Pin R30-2
Add Pin To Net: Unknown Pin: Pin R31-1
Add Pin To Net: Unknown Pin: Pin R31-2
Add Pin To Net: Unknown Pin: Pin R32-2
Add Pin To Net: Unknown Pin: Pin R33-1
Add Pin To Net: Unknown Pin: Pin R33-2
Add Pin To Net: Unknown Pin: Pin R34-1
Add Pin To Net: Unknown Pin: Pin R34-2
Add Pin To Net: Unknown Pin: Pin R35-2
Add Pin To Net: Unknown Pin: Pin R36-1
Add Pin To Net: Unknown Pin: Pin R36-2
Add Pin To Net: Unknown Pin: Pin R37-1
Add Pin To Net: Unknown Pin: Pin R37-2
Add Pin To Net: Unknown Pin: Pin R38-2
Add Pin To Net: Unknown Pin: Pin R39-1
Add Pin To Net: Unknown Pin: Pin R39-2
Add Pin To Net: Unknown Pin: Pin R40-1
Add Pin To Net: Unknown Pin: Pin R40-2
Add Pin To Net: Unknown Pin: Pin R41-2
Add Pin To Net: Unknown Pin: Pin R42-1
Add Pin To Net: Unknown Pin: Pin R42-2
Added Pin To Net: NetName=G2 Pin=U2-1
Added Pin To Net: NetName=G7 Pin=U2-2
Added Pin To Net: NetName=G Pin=U2-3
Added Pin To Net: NetName=GIO Pin=U2-4
Added Pin To Net: NetName=P2 Pin=U2-5
Added Pin To Net: NetName=P3 Pin=U2-6
Added Pin To Net: NetName=S2 Pin=U2-8
Added Pin To Net: NetName=S3 Pin=U2-9
Added Pin To Net: NetName=PHUT Pin=U2-10
Change Net Name : Old Net Name=NetR45_1 New Net Name=NetR44_1
Change Net Name : Old Net Name=NetR47_1 New Net Name=NetR45_1
Added Net: Name=5
Added Pin To Net: NetName=NetIC2_9 Pin=IC2-9
Added Net: Name=NetIC2_9
Added Pin To Net: NetName=NetIC2_10 Pin=IC2-10
Added Net: Name=NetIC2_10
Added Pin To Net: NetName=NetIC2_11 Pin=IC2-11
Added Net: Name=NetIC2_11
Added Pin To Net: NetName=NetIC2_12 Pin=IC2-12
Added Net: Name=NetIC2_12
Added Pin To Net: NetName=NetIC2_13 Pin=IC2-13
Added Net: Name=NetIC2_13
Added Pin To Net: NetName=NetIC2_14 Pin=IC2-14
Added Net: Name=NetIC2_14
Added Pin To Net: NetName=NetIC2_15 Pin=IC2-15
Added Net: Name=NetIC2_15
Added Pin To Net: NetName=NetIC8_9 Pin=IC8-9
Added Net: Name=NetIC8_9
Added Pin To Net: NetName=NetIC8_10 Pin=IC8-10
Added Net: Name=NetIC8_10
Added Pin To Net: NetName=NetIC8_11 Pin=IC8-11
Added Net: Name=NetIC8_11
Added Pin To Net: NetName=NetIC8_12 Pin=IC8-12
Added Net: Name=NetIC8_12
Added Pin To Net: NetName=NetIC8_13 Pin=IC8-13
Added Net: Name=NetIC8_13
Added Pin To Net: NetName=NetIC8_14 Pin=IC8-14
Added Net: Name=NetIC8_14
Added Pin To Net: NetName=NetIC8_15 Pin=IC8-15
Added Net: Name=NetIC8_15
Add Class Member: Failed to add class member : Component CT1 32768Hz
Add Class Member: Failed to add class member : Component DS1 7SEG-A
Add Class Member: Failed to add class member : Component DS2 7SEG-A
Add Class Member: Failed to add class member : Component DS3 7SEG-A
Add Class Member: Failed to add class member : Component DS4 7SEG-A
Add Class Member: Failed to add class member : Component DS5 7SEG-A
Add Class Member: Failed to add class member : Component DS6 7SEG-A
Add Class Member: Failed to add class member : Component IC13 CD4013
Add Class Member: Failed to add class member : Component R1 1k
Add Class Member: Failed to add class member : Component R2 1k
Add Class Member: Failed to add class member : Component R3 1k
Add Class Member: Failed to add class member : Component R4 1k
Add Class Member: Failed to add class member : Component R5 1k
Add Class Member: Failed to add class member : Component R6 1k
Add Class Member: Failed to add class member : Component R7 1k
Add Class Member: Failed to add class member : Component R8 1k
Add Class Member: Failed to add class member : Component R9 1k
Add Class Member: Failed to add class member : Component R10 1k
Add Class Member: Failed to add class member : Component R11 1k
Add Class Member: Failed to add class member : Component R12 1k
Add Class Member: Failed to add class member : Component R13 1k
Add Class Member: Failed to add class member : Component R14 1k
Add Class Member: Failed to add class member : Component R15 1k
Add Class Member: Failed to add class member : Component R16 1k
Add Class Member: Failed to add class member : Component R17 1k
Add Class Member: Failed to add class member : Component R18 1k
Add Class Member: Failed to add class member : Component R19 1k
Add Class Member: Failed to add class member : Component R20 1k
Add Class Member: Failed to add class member : Component R21 1k
Add Class Member: Failed to add class member : Component R22 1k
Add Class Member: Failed to add class member : Component R23 1k
Add Class Member: Failed to add class member : Component R24 1k
Add Class Member: Failed to add class member : Component R25 1k
Add Class Member: Failed to add class member : Component R26 1k
Add Class Member: Failed to add class member : Component R27 1k
Add Class Member: Failed to add class member : Component R28 1k
Add Class Member: Failed to add class member : Component R29 1k
Add Class Member: Failed to add class member : Component R30 1k
Add Class Member: Failed to add class member : Component R31 1k
Add Class Member: Failed to add class member : Component R32 1k
Add Class Member: Failed to add class member : Component R33 1k
Add Class Member: Failed to add class member : Component R34 1k
Add Class Member: Failed to add class member : Component R35 1k
Add Class Member: Failed to add class member : Component R36 1k
Add Class Member: Failed to add class member : Component R37 1k
Add Class Member: Failed to add class member : Component R38 1k
Add Class Member: Failed to add class member : Component R39 1k
Add Class Member: Failed to add class member : Component R40 1k
Add Class Member: Failed to add class member : Component R41 1k
Add Class Member: Failed to add class member : Component R42 1k
