Change Component Designator: OldDesignator=D1 NewDesignator=D3
Change Component Designator: OldDesignator=D2 NewDesignator=D4
Change Component Designator: OldDesignator=R45 NewDesignator=R47
Change Component Designator: OldDesignator=R46 NewDesignator=R45
Change Component Designator: OldDesignator=R47 NewDesignator=R46
Change Component Designator: OldDesignator=U3 NewDesignator=U2
Change Component Designator: OldDesignator=U4 NewDesignator=U3
Add Component: Footprint Not Found DO-41
Add Component: Footprint Not Found DO-41
Add Component: Footprint Not Found DO-41
Add Component: Footprint Not Found DO-41
Add Component: Footprint Not Found DO-41
Add Component: Footprint Not Found DO-41
Add Pin To Net: Unknown Pin: Pin D1-1
Add Pin To Net: Unknown Pin: Pin D1-2
Add Pin To Net: Unknown Pin: Pin D2-1
Add Pin To Net: Unknown Pin: Pin D2-2
Add Pin To Net: Unknown Pin: Pin D5-1
Add Pin To Net: Unknown Pin: Pin D5-2
Add Pin To Net: Unknown Pin: Pin D6-1
Add Pin To Net: Unknown Pin: Pin D6-2
Add Pin To Net: Unknown Pin: Pin D7-1
Add Pin To Net: Unknown Pin: Pin D7-2
Add Pin To Net: Unknown Pin: Pin D8-1
Add Pin To Net: Unknown Pin: Pin D8-2
Change Net Name : Old Net Name=NetD1_1 New Net Name=NetD3_1
Change Net Name : Old Net Name=NetD2_1 New Net Name=NetD4_1
Change Net Name : Old Net Name=NetR45_1 New Net Name=NetR47_1
Added Member To Class: ClassName=DHS Member=Component D3 1N4007
Added Member To Class: ClassName=DHS Member=Component D4 1N4007
Add Class Member: Failed to add class member : Component D5 1N4007
Add Class Member: Failed to add class member : Component D6 1N4007
Add Class Member: Failed to add class member : Component D7 1N4007
Add Class Member: Failed to add class member : Component D8 1N4007
