Add Component: Footprint Not Found DO-41
Add Component: Footprint Not Found DO-41
Add Component: Footprint Not Found DO-41
Add Component: Footprint Not Found DO-41
Add Component: Footprint Not Found DO-41
Add Component: Footprint Not Found DO-41
Add Component: Footprint Not Found DO-41
Add Component: Footprint Not Found DO-41
Add Component: Footprint Not Found DO-41
Add Component: Footprint Not Found DO-41
Add Component: Footprint Not Found DO-41
Add Component: Footprint Not Found DO-41
Add Pin To Net: Unknown Pin: Pin D1-1
Add Pin To Net: Unknown Pin: Pin D1-2
Add Pin To Net: Unknown Pin: Pin D2-1
Add Pin To Net: Unknown Pin: Pin D2-2
Add Pin To Net: Unknown Pin: Pin D5-1
Add Pin To Net: Unknown Pin: Pin D5-2
Add Pin To Net: Unknown Pin: Pin D6-1
Add Pin To Net: Unknown Pin: Pin D6-2
Add Pin To Net: Unknown Pin: Pin D7-1
Add Pin To Net: Unknown Pin: Pin D7-2
Add Pin To Net: Unknown Pin: Pin D8-1
Add Pin To Net: Unknown Pin: Pin D8-2
Add Pin To Net: Unknown Pin: Pin D9-1
Add Pin To Net: Unknown Pin: Pin D9-2
Add Pin To Net: Unknown Pin: Pin D10-1
Add Pin To Net: Unknown Pin: Pin D10-2
Add Pin To Net: Unknown Pin: Pin D11-1
Add Pin To Net: Unknown Pin: Pin D11-2
Add Pin To Net: Unknown Pin: Pin D12-1
Add Pin To Net: Unknown Pin: Pin D12-2
Add Pin To Net: Unknown Pin: Pin D13-1
Add Pin To Net: Unknown Pin: Pin D13-2
Add Pin To Net: Unknown Pin: Pin D14-1
Add Pin To Net: Unknown Pin: Pin D14-2
Add Class Member: Failed to add class member : Component D1 1N4007
Add Class Member: Failed to add class member : Component D2 1N4007
Add Class Member: Failed to add class member : Component D5 1N4007
Add Class Member: Failed to add class member : Component D6 1N4007
Add Class Member: Failed to add class member : Component D7 1N4007
Add Class Member: Failed to add class member : Component D8 1N4007
Add Class Member: Failed to add class member : Component D9 1N4007
Add Class Member: Failed to add class member : Component D10 1N4007
Add Class Member: Failed to add class member : Component D11 1N4007
Add Class Member: Failed to add class member : Component D12 1N4007
Add Class Member: Failed to add class member : Component D13 1N4007
Add Class Member: Failed to add class member : Component D14 1N4007
Added Member To Class: ClassName=DHS Member=Component R45 10K
Added Member To Class: ClassName=DHS Member=Component R47 47M
Added Member To Class: ClassName=DHS Member=Component U3 7414
