Added Component: Designator=C1(Cap 2.54mm)
Added Component: Designator=C2(Cap 2.54mm)
Added Component: Designator=C3(Cap 7.5mm)
Added Component: Designator=C4(Cap 7.5mm)
Add Component: Footprint Not Found CRYSTAL SMD 32,768 kHz
Added Component: Designator=D1(DO-41)
Added Component: Designator=D2(DO-41)
Add Component: Footprint Not Found LED7SEG
Add Component: Footprint Not Found LED7SEG
Add Component: Footprint Not Found LED7SEG
Add Component: Footprint Not Found LED7SEG
Add Component: Footprint Not Found LED7SEG
Add Component: Footprint Not Found LED7SEG
Added Component: Designator=IC1(DIP16)
Add component (AddParameter): Name = "Value"; Value = "7447 , 74247"; VariantName = "[No Variations]"
Added Component: Designator=IC2(DIP16)
Add component (AddParameter): Name = "Value"; Value = "7447 , 74247"; VariantName = "[No Variations]"
Added Component: Designator=IC3(DIP16)
Add component (AddParameter): Name = "Value"; Value = "7447 , 74247"; VariantName = "[No Variations]"
Added Component: Designator=IC4(DIP14)
Add component (AddParameter): Name = "Value"; Value = "7490"; VariantName = "[No Variations]"
Added Component: Designator=IC5(DIP14)
Add component (AddParameter): Name = "Value"; Value = "7490"; VariantName = "[No Variations]"
Added Component: Designator=IC6(DIP14)
Add component (AddParameter): Name = "Value"; Value = "7490"; VariantName = "[No Variations]"
Added Component: Designator=IC7(DIP16)
Add component (AddParameter): Name = "Value"; Value = "7447 , 74247"; VariantName = "[No Variations]"
Added Component: Designator=IC8(DIP16)
Add component (AddParameter): Name = "Value"; Value = "7447 , 74247"; VariantName = "[No Variations]"
Added Component: Designator=IC9(DIP16)
Add component (AddParameter): Name = "Value"; Value = "7447 , 74247"; VariantName = "[No Variations]"
Added Component: Designator=IC10(DIP14)
Add component (AddParameter): Name = "Value"; Value = "7490"; VariantName = "[No Variations]"
Added Component: Designator=IC11(DIP14)
Add component (AddParameter): Name = "Value"; Value = "7490"; VariantName = "[No Variations]"
Added Component: Designator=IC12(DIP14)
Add component (AddParameter): Name = "Value"; Value = "7490"; VariantName = "[No Variations]"
Add Component: Footprint Not Found DIP14/W0.3
Added Component: Designator=R1(RES-1/4W)
Added Component: Designator=R2(RES-1/4W)
Added Component: Designator=R3(RES-1/4W)
Added Component: Designator=R4(RES-1/4W)
Added Component: Designator=R5(RES-1/4W)
Added Component: Designator=R6(RES-1/4W)
Added Component: Designator=R7(RES-1/4W)
Added Component: Designator=R8(RES-1/4W)
Added Component: Designator=R9(RES-1/4W)
Added Component: Designator=R10(RES-1/4W)
Added Component: Designator=R11(RES-1/4W)
Added Component: Designator=R12(RES-1/4W)
Added Component: Designator=R13(RES-1/4W)
Added Component: Designator=R14(RES-1/4W)
Added Component: Designator=R15(RES-1/4W)
Added Component: Designator=R16(RES-1/4W)
Added Component: Designator=R17(RES-1/4W)
Added Component: Designator=R18(RES-1/4W)
Added Component: Designator=R19(RES-1/4W)
Added Component: Designator=R20(RES-1/4W)
Added Component: Designator=R21(RES-1/4W)
Added Component: Designator=R22(RES-1/4W)
Added Component: Designator=R23(RES-1/4W)
Added Component: Designator=R24(RES-1/4W)
Added Component: Designator=R25(RES-1/4W)
Added Component: Designator=R26(RES-1/4W)
Added Component: Designator=R27(RES-1/4W)
Added Component: Designator=R28(RES-1/4W)
Added Component: Designator=R29(RES-1/4W)
Added Component: Designator=R30(RES-1/4W)
Added Component: Designator=R31(RES-1/4W)
Added Component: Designator=R32(RES-1/4W)
Added Component: Designator=R33(RES-1/4W)
Added Component: Designator=R34(RES-1/4W)
Added Component: Designator=R35(RES-1/4W)
Added Component: Designator=R36(RES-1/4W)
Added Component: Designator=R37(RES-1/4W)
Added Component: Designator=R38(RES-1/4W)
Added Component: Designator=R39(RES-1/4W)
Added Component: Designator=R40(RES-1/4W)
Added Component: Designator=R41(RES-1/4W)
Added Component: Designator=R42(RES-1/4W)
Added Component: Designator=R43(RES-1/4W)
Added Component: Designator=R44(RES-1/4W)
Added Component: Designator=R45(RES-1/4W)
Added Component: Designator=R46(RES-1/4W)
Added Component: Designator=R47(RES-1/4W)
Added Component: Designator=R48(RES-1/4W)
Added Component: Designator=SW1(SW2 6x6MM Circle)
Add component (AddParameter): Name = "Value"; Value = "SW chip 2 pin"; VariantName = "[No Variations]"
Added Component: Designator=SW2(SW2 6x6MM Circle)
Add component (AddParameter): Name = "Value"; Value = "SW chip 2 pin"; VariantName = "[No Variations]"
Added Component: Designator=U1(DIP16)
Added Component: Designator=U2(DIP14)
Added Component: Designator=U3(DIP14)
Add component (AddParameter): Name = "NI?"; Value = ""; VariantName = "[No Variations]"
Add component (AddParameter): Name = "O?"; Value = ""; VariantName = "[No Variations]"
Add component (AddParameter): Name = "Section"; Value = ""; VariantName = "[No Variations]"
Add component (AddParameter): Name = "Text Field1"; Value = "ST"; VariantName = "[No Variations]"
Add component (AddParameter): Name = "Text Field2"; Value = "M74HC04M1R"; VariantName = "[No Variations]"
Add component (AddParameter): Name = "Text Field3"; Value = "Mouser"; VariantName = "[No Variations]"
Add component (AddParameter): Name = "Text Field4"; Value = "511-M74HC04M"; VariantName = "[No Variations]"
Add component (AddParameter): Name = "Text Field5"; Value = "SO-14"; VariantName = "[No Variations]"
Add component (AddParameter): Name = "Text Field6"; Value = ".22"; VariantName = "[No Variations]"
Added Component: Designator=U4(DIP14)
Add component (AddParameter): Name = "NI?"; Value = ""; VariantName = "[No Variations]"
Add component (AddParameter): Name = "O?"; Value = ""; VariantName = "[No Variations]"
Add component (AddParameter): Name = "Section"; Value = ""; VariantName = "[No Variations]"
Add component (AddParameter): Name = "Text Field1"; Value = "ST"; VariantName = "[No Variations]"
Add component (AddParameter): Name = "Text Field2"; Value = "M74HC04M1R"; VariantName = "[No Variations]"
Add component (AddParameter): Name = "Text Field3"; Value = "Mouser"; VariantName = "[No Variations]"
Add component (AddParameter): Name = "Text Field4"; Value = "511-M74HC04M"; VariantName = "[No Variations]"
Add component (AddParameter): Name = "Text Field5"; Value = "SO-14"; VariantName = "[No Variations]"
Add component (AddParameter): Name = "Text Field6"; Value = ".22"; VariantName = "[No Variations]"
Added Pin To Net: NetName=NetC1_1 Pin=C1-1
Added Pin To Net: NetName=GND Pin=C1-2
Added Pin To Net: NetName=NetC2_1 Pin=C2-1
Added Pin To Net: NetName=GND Pin=C2-2
Added Pin To Net: NetName=NetC3_1 Pin=C3-1
Added Pin To Net: NetName=NetC3_2 Pin=C3-2
Added Pin To Net: NetName=NetC4_1 Pin=C4-1
Added Pin To Net: NetName=NetC3_1 Pin=C4-2
Add Pin To Net: Unknown Pin: Pin CT1-1
Add Pin To Net: Unknown Pin: Pin CT1-2
Added Pin To Net: NetName=NetD1_1 Pin=D1-1
Added Pin To Net: NetName=GIO Pin=D1-2
Added Pin To Net: NetName=NetD2_1 Pin=D2-1
Added Pin To Net: NetName=PHUT Pin=D2-2
Add Pin To Net: Unknown Pin: Pin DS1-1
Add Pin To Net: Unknown Pin: Pin DS1-2
Add Pin To Net: Unknown Pin: Pin DS1-3
Add Pin To Net: Unknown Pin: Pin DS1-4
Add Pin To Net: Unknown Pin: Pin DS1-6
Add Pin To Net: Unknown Pin: Pin DS1-7
Add Pin To Net: Unknown Pin: Pin DS1-8
Add Pin To Net: Unknown Pin: Pin DS1-9
Add Pin To Net: Unknown Pin: Pin DS1-10
Add Pin To Net: Unknown Pin: Pin DS2-1
Add Pin To Net: Unknown Pin: Pin DS2-2
Add Pin To Net: Unknown Pin: Pin DS2-3
Add Pin To Net: Unknown Pin: Pin DS2-4
Add Pin To Net: Unknown Pin: Pin DS2-6
Add Pin To Net: Unknown Pin: Pin DS2-7
Add Pin To Net: Unknown Pin: Pin DS2-8
Add Pin To Net: Unknown Pin: Pin DS2-9
Add Pin To Net: Unknown Pin: Pin DS2-10
Add Pin To Net: Unknown Pin: Pin DS3-1
Add Pin To Net: Unknown Pin: Pin DS3-2
Add Pin To Net: Unknown Pin: Pin DS3-3
Add Pin To Net: Unknown Pin: Pin DS3-4
Add Pin To Net: Unknown Pin: Pin DS3-6
Add Pin To Net: Unknown Pin: Pin DS3-7
Add Pin To Net: Unknown Pin: Pin DS3-8
Add Pin To Net: Unknown Pin: Pin DS3-9
Add Pin To Net: Unknown Pin: Pin DS3-10
Add Pin To Net: Unknown Pin: Pin DS4-1
Add Pin To Net: Unknown Pin: Pin DS4-2
Add Pin To Net: Unknown Pin: Pin DS4-3
Add Pin To Net: Unknown Pin: Pin DS4-4
Add Pin To Net: Unknown Pin: Pin DS4-6
Add Pin To Net: Unknown Pin: Pin DS4-7
Add Pin To Net: Unknown Pin: Pin DS4-8
Add Pin To Net: Unknown Pin: Pin DS4-9
Add Pin To Net: Unknown Pin: Pin DS4-10
Add Pin To Net: Unknown Pin: Pin DS5-1
Add Pin To Net: Unknown Pin: Pin DS5-2
Add Pin To Net: Unknown Pin: Pin DS5-3
Add Pin To Net: Unknown Pin: Pin DS5-4
Add Pin To Net: Unknown Pin: Pin DS5-6
Add Pin To Net: Unknown Pin: Pin DS5-7
Add Pin To Net: Unknown Pin: Pin DS5-8
Add Pin To Net: Unknown Pin: Pin DS5-9
Add Pin To Net: Unknown Pin: Pin DS5-10
Add Pin To Net: Unknown Pin: Pin DS6-1
Add Pin To Net: Unknown Pin: Pin DS6-2
Add Pin To Net: Unknown Pin: Pin DS6-3
Add Pin To Net: Unknown Pin: Pin DS6-4
Add Pin To Net: Unknown Pin: Pin DS6-6
Add Pin To Net: Unknown Pin: Pin DS6-7
Add Pin To Net: Unknown Pin: Pin DS6-8
Add Pin To Net: Unknown Pin: Pin DS6-9
Add Pin To Net: Unknown Pin: Pin DS6-10
Added Pin To Net: NetName=G2 Pin=IC1-1
Added Pin To Net: NetName=G3 Pin=IC1-2
Added Pin To Net: NetName=GND Pin=IC1-3
Added Pin To Net: NetName=GND Pin=IC1-5
Added Pin To Net: NetName=G4 Pin=IC1-6
Added Pin To Net: NetName=G1 Pin=IC1-7
Added Pin To Net: NetName=GND Pin=IC1-8
Added Pin To Net: NetName=NetIC1_9 Pin=IC1-9
Added Pin To Net: NetName=NetIC1_10 Pin=IC1-10
Added Pin To Net: NetName=NetIC1_11 Pin=IC1-11
Added Pin To Net: NetName=NetIC1_12 Pin=IC1-12
Added Pin To Net: NetName=NetIC1_13 Pin=IC1-13
Added Pin To Net: NetName=NetIC1_14 Pin=IC1-14
Added Pin To Net: NetName=NetIC1_15 Pin=IC1-15
Added Pin To Net: NetName=+5 Pin=IC1-16
Added Pin To Net: NetName=P2 Pin=IC2-1
Added Pin To Net: NetName=P3 Pin=IC2-2
Added Pin To Net: NetName=GND Pin=IC2-3
Added Pin To Net: NetName=GND Pin=IC2-5
Added Pin To Net: NetName=P4 Pin=IC2-6
Added Pin To Net: NetName=P1 Pin=IC2-7
Added Pin To Net: NetName=GND Pin=IC2-8
Added Pin To Net: NetName=NetIC2_9 Pin=IC2-9
Added Pin To Net: NetName=NetIC2_10 Pin=IC2-10
Added Pin To Net: NetName=NetIC2_11 Pin=IC2-11
Added Pin To Net: NetName=NetIC2_12 Pin=IC2-12
Added Pin To Net: NetName=NetIC2_13 Pin=IC2-13
Added Pin To Net: NetName=NetIC2_14 Pin=IC2-14
Added Pin To Net: NetName=NetIC2_15 Pin=IC2-15
Added Pin To Net: NetName=+5 Pin=IC2-16
Added Pin To Net: NetName=S2 Pin=IC3-1
Added Pin To Net: NetName=S3 Pin=IC3-2
Added Pin To Net: NetName=GND Pin=IC3-3
Added Pin To Net: NetName=GND Pin=IC3-5
Added Pin To Net: NetName=S4 Pin=IC3-6
Added Pin To Net: NetName=S1 Pin=IC3-7
Added Pin To Net: NetName=GND Pin=IC3-8
Added Pin To Net: NetName=NetIC3_9 Pin=IC3-9
Added Pin To Net: NetName=NetIC3_10 Pin=IC3-10
Added Pin To Net: NetName=NetIC3_11 Pin=IC3-11
Added Pin To Net: NetName=NetIC3_12 Pin=IC3-12
Added Pin To Net: NetName=NetIC3_13 Pin=IC3-13
Added Pin To Net: NetName=NetIC3_14 Pin=IC3-14
Added Pin To Net: NetName=NetIC3_15 Pin=IC3-15
Added Pin To Net: NetName=+5 Pin=IC3-16
Added Pin To Net: NetName=G1 Pin=IC4-1
Added Pin To Net: NetName=G Pin=IC4-2
Added Pin To Net: NetName=G Pin=IC4-3
Added Pin To Net: NetName=+5 Pin=IC4-5
Added Pin To Net: NetName=GND Pin=IC4-6
Added Pin To Net: NetName=GND Pin=IC4-7
Added Pin To Net: NetName=G3 Pin=IC4-8
Added Pin To Net: NetName=G2 Pin=IC4-9
Added Pin To Net: NetName=GND Pin=IC4-10
Added Pin To Net: NetName=G4 Pin=IC4-11
Added Pin To Net: NetName=G1 Pin=IC4-12
Added Pin To Net: NetName=G8 Pin=IC4-14
Added Pin To Net: NetName=P1 Pin=IC5-1
Added Pin To Net: NetName=GIO Pin=IC5-2
Added Pin To Net: NetName=GIO Pin=IC5-3
Added Pin To Net: NetName=+5 Pin=IC5-5
Added Pin To Net: NetName=GND Pin=IC5-6
Added Pin To Net: NetName=GND Pin=IC5-7
Added Pin To Net: NetName=P3 Pin=IC5-8
Added Pin To Net: NetName=P2 Pin=IC5-9
Added Pin To Net: NetName=GND Pin=IC5-10
Added Pin To Net: NetName=P4 Pin=IC5-11
Added Pin To Net: NetName=P1 Pin=IC5-12
Added Pin To Net: NetName=P8 Pin=IC5-14
Added Pin To Net: NetName=S1 Pin=IC6-1
Added Pin To Net: NetName=PHUT Pin=IC6-2
Added Pin To Net: NetName=PHUT Pin=IC6-3
Added Pin To Net: NetName=+5 Pin=IC6-5
Added Pin To Net: NetName=GND Pin=IC6-6
Added Pin To Net: NetName=GND Pin=IC6-7
Added Pin To Net: NetName=S3 Pin=IC6-8
Added Pin To Net: NetName=S2 Pin=IC6-9
Added Pin To Net: NetName=S4 Pin=IC6-11
Added Pin To Net: NetName=S1 Pin=IC6-12
Added Pin To Net: NetName=S8 Pin=IC6-14
Added Pin To Net: NetName=G6 Pin=IC7-1
Added Pin To Net: NetName=G7 Pin=IC7-2
Added Pin To Net: NetName=GND Pin=IC7-3
Added Pin To Net: NetName=GND Pin=IC7-5
Added Pin To Net: NetName=G8 Pin=IC7-6
Added Pin To Net: NetName=G5 Pin=IC7-7
Added Pin To Net: NetName=GND Pin=IC7-8
Added Pin To Net: NetName=NetIC7_9 Pin=IC7-9
Added Pin To Net: NetName=NetIC7_10 Pin=IC7-10
Added Pin To Net: NetName=NetIC7_11 Pin=IC7-11
Added Pin To Net: NetName=NetIC7_12 Pin=IC7-12
Added Pin To Net: NetName=NetIC7_13 Pin=IC7-13
Added Pin To Net: NetName=NetIC7_14 Pin=IC7-14
Added Pin To Net: NetName=NetIC7_15 Pin=IC7-15
Added Pin To Net: NetName=+5 Pin=IC7-16
Added Pin To Net: NetName=P6 Pin=IC8-1
Added Pin To Net: NetName=P7 Pin=IC8-2
Added Pin To Net: NetName=GND Pin=IC8-3
Added Pin To Net: NetName=GND Pin=IC8-5
Added Pin To Net: NetName=P8 Pin=IC8-6
Added Pin To Net: NetName=P5 Pin=IC8-7
Added Pin To Net: NetName=GND Pin=IC8-8
Added Pin To Net: NetName=NetIC8_9 Pin=IC8-9
Added Pin To Net: NetName=NetIC8_10 Pin=IC8-10
Added Pin To Net: NetName=NetIC8_11 Pin=IC8-11
Added Pin To Net: NetName=NetIC8_12 Pin=IC8-12
Added Pin To Net: NetName=NetIC8_13 Pin=IC8-13
Added Pin To Net: NetName=NetIC8_14 Pin=IC8-14
Added Pin To Net: NetName=NetIC8_15 Pin=IC8-15
Added Pin To Net: NetName=+5 Pin=IC8-16
Added Pin To Net: NetName=S6 Pin=IC9-1
Added Pin To Net: NetName=S7 Pin=IC9-2
Added Pin To Net: NetName=GND Pin=IC9-3
Added Pin To Net: NetName=GND Pin=IC9-5
Added Pin To Net: NetName=S8 Pin=IC9-6
Added Pin To Net: NetName=S5 Pin=IC9-7
Added Pin To Net: NetName=GND Pin=IC9-8
Added Pin To Net: NetName=NetIC9_9 Pin=IC9-9
Added Pin To Net: NetName=NetIC9_10 Pin=IC9-10
Added Pin To Net: NetName=NetIC9_11 Pin=IC9-11
Added Pin To Net: NetName=NetIC9_12 Pin=IC9-12
Added Pin To Net: NetName=NetIC9_13 Pin=IC9-13
Added Pin To Net: NetName=NetIC9_14 Pin=IC9-14
Added Pin To Net: NetName=NetIC9_15 Pin=IC9-15
Added Pin To Net: NetName=+5 Pin=IC9-16
Added Pin To Net: NetName=G5 Pin=IC10-1
Added Pin To Net: NetName=G Pin=IC10-2
Added Pin To Net: NetName=G Pin=IC10-3
Added Pin To Net: NetName=+5 Pin=IC10-5
Added Pin To Net: NetName=GND Pin=IC10-6
Added Pin To Net: NetName=GND Pin=IC10-7
Added Pin To Net: NetName=G7 Pin=IC10-8
Added Pin To Net: NetName=G6 Pin=IC10-9
Added Pin To Net: NetName=GND Pin=IC10-10
Added Pin To Net: NetName=G8 Pin=IC10-11
Added Pin To Net: NetName=G5 Pin=IC10-12
Added Pin To Net: NetName=GIO Pin=IC10-14
Added Pin To Net: NetName=P5 Pin=IC11-1
Added Pin To Net: NetName=GIO Pin=IC11-2
Added Pin To Net: NetName=GIO Pin=IC11-3
Added Pin To Net: NetName=+5 Pin=IC11-5
Added Pin To Net: NetName=GND Pin=IC11-6
Added Pin To Net: NetName=GND Pin=IC11-7
Added Pin To Net: NetName=P7 Pin=IC11-8
Added Pin To Net: NetName=P6 Pin=IC11-9
Added Pin To Net: NetName=GND Pin=IC11-10
Added Pin To Net: NetName=P8 Pin=IC11-11
Added Pin To Net: NetName=P5 Pin=IC11-12
Added Pin To Net: NetName=PHUT Pin=IC11-14
Added Pin To Net: NetName=S5 Pin=IC12-1
Added Pin To Net: NetName=GND Pin=IC12-2
Added Pin To Net: NetName=GND Pin=IC12-3
Added Pin To Net: NetName=+5 Pin=IC12-5
Added Pin To Net: NetName=GND Pin=IC12-6
Added Pin To Net: NetName=GND Pin=IC12-7
Added Pin To Net: NetName=S7 Pin=IC12-8
Added Pin To Net: NetName=S6 Pin=IC12-9
Added Pin To Net: NetName=GND Pin=IC12-10
Added Pin To Net: NetName=S8 Pin=IC12-11
Added Pin To Net: NetName=S5 Pin=IC12-12
Added Pin To Net: NetName=XUNG Pin=IC12-14
Add Pin To Net: Unknown Pin: Pin IC13-1
Add Pin To Net: Unknown Pin: Pin IC13-2
Add Pin To Net: Unknown Pin: Pin IC13-3
Add Pin To Net: Unknown Pin: Pin IC13-4
Add Pin To Net: Unknown Pin: Pin IC13-5
Add Pin To Net: Unknown Pin: Pin IC13-6
Add Pin To Net: Unknown Pin: Pin IC13-7
Added Pin To Net: NetName=NetIC1_13 Pin=R1-1
Added Pin To Net: NetName=NetDS1_7 Pin=R1-2
Added Pin To Net: NetName=NetIC2_13 Pin=R2-1
Added Pin To Net: NetName=NetDS2_7 Pin=R2-2
Added Pin To Net: NetName=NetIC3_13 Pin=R3-1
Added Pin To Net: NetName=NetDS3_7 Pin=R3-2
Added Pin To Net: NetName=NetIC1_12 Pin=R4-1
Added Pin To Net: NetName=NetDS1_6 Pin=R4-2
Added Pin To Net: NetName=NetIC2_12 Pin=R5-1
Added Pin To Net: NetName=NetDS2_6 Pin=R5-2
Added Pin To Net: NetName=NetIC3_12 Pin=R6-1
Added Pin To Net: NetName=NetDS3_6 Pin=R6-2
Added Pin To Net: NetName=NetIC1_11 Pin=R7-1
Added Pin To Net: NetName=NetDS1_4 Pin=R7-2
Added Pin To Net: NetName=NetIC2_11 Pin=R8-1
Added Pin To Net: NetName=NetDS2_4 Pin=R8-2
Added Pin To Net: NetName=NetIC3_11 Pin=R9-1
Added Pin To Net: NetName=NetDS3_4 Pin=R9-2
Added Pin To Net: NetName=NetIC1_10 Pin=R10-1
Added Pin To Net: NetName=NetDS1_2 Pin=R10-2
Added Pin To Net: NetName=NetIC2_10 Pin=R11-1
Added Pin To Net: NetName=NetDS2_2 Pin=R11-2
Added Pin To Net: NetName=NetIC3_10 Pin=R12-1
Added Pin To Net: NetName=NetDS3_2 Pin=R12-2
Added Pin To Net: NetName=NetIC1_9 Pin=R13-1
Added Pin To Net: NetName=NetDS1_1 Pin=R13-2
Added Pin To Net: NetName=NetIC2_9 Pin=R14-1
Added Pin To Net: NetName=NetDS2_1 Pin=R14-2
Added Pin To Net: NetName=NetIC3_9 Pin=R15-1
Added Pin To Net: NetName=NetDS3_1 Pin=R15-2
Added Pin To Net: NetName=NetIC1_15 Pin=R16-1
Added Pin To Net: NetName=NetDS1_9 Pin=R16-2
Added Pin To Net: NetName=NetIC2_15 Pin=R17-1
Added Pin To Net: NetName=NetDS2_9 Pin=R17-2
Added Pin To Net: NetName=NetIC3_15 Pin=R18-1
Added Pin To Net: NetName=NetDS3_9 Pin=R18-2
Added Pin To Net: NetName=NetIC1_14 Pin=R19-1
Added Pin To Net: NetName=NetDS1_10 Pin=R19-2
Added Pin To Net: NetName=NetIC2_14 Pin=R20-1
Added Pin To Net: NetName=NetDS2_10 Pin=R20-2
Added Pin To Net: NetName=NetIC3_14 Pin=R21-1
Added Pin To Net: NetName=NetDS3_10 Pin=R21-2
Added Pin To Net: NetName=NetIC7_13 Pin=R22-1
Added Pin To Net: NetName=NetDS4_7 Pin=R22-2
Added Pin To Net: NetName=NetIC8_13 Pin=R23-1
Added Pin To Net: NetName=NetDS5_7 Pin=R23-2
Added Pin To Net: NetName=NetIC9_13 Pin=R24-1
Added Pin To Net: NetName=NetDS6_7 Pin=R24-2
Added Pin To Net: NetName=NetIC7_12 Pin=R25-1
Added Pin To Net: NetName=NetDS4_6 Pin=R25-2
Added Pin To Net: NetName=NetIC8_12 Pin=R26-1
Added Pin To Net: NetName=NetDS5_6 Pin=R26-2
Added Pin To Net: NetName=NetIC9_12 Pin=R27-1
Added Pin To Net: NetName=NetDS6_6 Pin=R27-2
Added Pin To Net: NetName=NetIC7_11 Pin=R28-1
Added Pin To Net: NetName=NetDS4_4 Pin=R28-2
Added Pin To Net: NetName=NetIC8_11 Pin=R29-1
Added Pin To Net: NetName=NetDS5_4 Pin=R29-2
Added Pin To Net: NetName=NetIC9_11 Pin=R30-1
Added Pin To Net: NetName=NetDS6_4 Pin=R30-2
Added Pin To Net: NetName=NetIC7_10 Pin=R31-1
Added Pin To Net: NetName=NetDS4_2 Pin=R31-2
Added Pin To Net: NetName=NetIC8_10 Pin=R32-1
Added Pin To Net: NetName=NetDS5_2 Pin=R32-2
Added Pin To Net: NetName=NetIC9_10 Pin=R33-1
Added Pin To Net: NetName=NetDS6_2 Pin=R33-2
Added Pin To Net: NetName=NetIC7_9 Pin=R34-1
Added Pin To Net: NetName=NetDS4_1 Pin=R34-2
Added Pin To Net: NetName=NetIC8_9 Pin=R35-1
Added Pin To Net: NetName=NetDS5_1 Pin=R35-2
Added Pin To Net: NetName=NetIC9_9 Pin=R36-1
Added Pin To Net: NetName=NetDS6_1 Pin=R36-2
Added Pin To Net: NetName=NetIC7_15 Pin=R37-1
Added Pin To Net: NetName=NetDS4_9 Pin=R37-2
Added Pin To Net: NetName=NetIC8_15 Pin=R38-1
Added Pin To Net: NetName=NetDS5_9 Pin=R38-2
Added Pin To Net: NetName=NetIC9_15 Pin=R39-1
Added Pin To Net: NetName=NetDS6_9 Pin=R39-2
Added Pin To Net: NetName=NetIC7_14 Pin=R40-1
Added Pin To Net: NetName=NetDS4_10 Pin=R40-2
Added Pin To Net: NetName=NetIC8_14 Pin=R41-1
Added Pin To Net: NetName=NetDS5_10 Pin=R41-2
Added Pin To Net: NetName=NetIC9_14 Pin=R42-1
Added Pin To Net: NetName=NetDS6_10 Pin=R42-2
Added Pin To Net: NetName=NetR43_1 Pin=R43-1
Added Pin To Net: NetName=+5 Pin=R43-2
Added Pin To Net: NetName=NetR44_1 Pin=R44-1
Added Pin To Net: NetName=+5 Pin=R44-2
Added Pin To Net: NetName=NetR45_1 Pin=R45-1
Added Pin To Net: NetName=NetC4_1 Pin=R45-2
Added Pin To Net: NetName=NetC1_1 Pin=R46-1
Added Pin To Net: NetName=NetR43_1 Pin=R46-2
Added Pin To Net: NetName=NetC2_1 Pin=R47-1
Added Pin To Net: NetName=NetR44_1 Pin=R47-2
Added Pin To Net: NetName=NetC3_2 Pin=R48-1
Added Pin To Net: NetName=NetC4_1 Pin=R48-2
Added Pin To Net: NetName=GND Pin=SW1-1
Added Pin To Net: NetName=NetR43_1 Pin=SW1-2
Added Pin To Net: NetName=GND Pin=SW2-1
Added Pin To Net: NetName=NetR44_1 Pin=SW2-2
Added Pin To Net: NetName=Q14 Pin=U1-3
Added Pin To Net: NetName=NetR45_1 Pin=U1-10
Added Pin To Net: NetName=NetC4_1 Pin=U1-11
Added Pin To Net: NetName=GND Pin=U1-12
Added Pin To Net: NetName=+5 Pin=U1-16
Added Pin To Net: NetName=G2 Pin=U2-1
Added Pin To Net: NetName=G7 Pin=U2-2
Added Pin To Net: NetName=G Pin=U2-3
Added Pin To Net: NetName=GIO Pin=U2-4
Added Pin To Net: NetName=P2 Pin=U2-5
Added Pin To Net: NetName=P3 Pin=U2-6
Added Pin To Net: NetName=GND Pin=U2-7
Added Pin To Net: NetName=S2 Pin=U2-8
Added Pin To Net: NetName=S3 Pin=U2-9
Added Pin To Net: NetName=PHUT Pin=U2-10
Added Pin To Net: NetName=+5 Pin=U2-14
Added Pin To Net: NetName=NetR43_1 Pin=U3-5
Added Pin To Net: NetName=NetD1_1 Pin=U3-6
Added Pin To Net: NetName=NetR44_1 Pin=U4-5
Added Pin To Net: NetName=NetD2_1 Pin=U4-6
Added Member To Class: ClassName=DHS Member=Component C1 104
Added Member To Class: ClassName=DHS Member=Component C2 104
Added Member To Class: ClassName=DHS Member=Component C3 10pF
Added Member To Class: ClassName=DHS Member=Component C4 10pF
Add Class Member: Failed to add class member : Component CT1 32768Hz
Added Member To Class: ClassName=DHS Member=Component D1 1N4007
Added Member To Class: ClassName=DHS Member=Component D2 1N4007
Add Class Member: Failed to add class member : Component DS1 7SEG-A
Add Class Member: Failed to add class member : Component DS2 7SEG-A
Add Class Member: Failed to add class member : Component DS3 7SEG-A
Add Class Member: Failed to add class member : Component DS4 7SEG-A
Add Class Member: Failed to add class member : Component DS5 7SEG-A
Add Class Member: Failed to add class member : Component DS6 7SEG-A
Added Member To Class: ClassName=DHS Member=Component IC1 7447
Added Member To Class: ClassName=DHS Member=Component IC2 7447
Added Member To Class: ClassName=DHS Member=Component IC3 7447
Added Member To Class: ClassName=DHS Member=Component IC4 7490
Added Member To Class: ClassName=DHS Member=Component IC5 7490
Added Member To Class: ClassName=DHS Member=Component IC6 7490
Added Member To Class: ClassName=DHS Member=Component IC7 7447
Added Member To Class: ClassName=DHS Member=Component IC8 7447
Added Member To Class: ClassName=DHS Member=Component IC9 7447
Added Member To Class: ClassName=DHS Member=Component IC10 7490
Added Member To Class: ClassName=DHS Member=Component IC11 7490
Added Member To Class: ClassName=DHS Member=Component IC12 7490
Add Class Member: Failed to add class member : Component IC13 CD4013
Added Member To Class: ClassName=DHS Member=Component R1 1K
Added Member To Class: ClassName=DHS Member=Component R2 1K
Added Member To Class: ClassName=DHS Member=Component R3 1K
Added Member To Class: ClassName=DHS Member=Component R4 1K
Added Member To Class: ClassName=DHS Member=Component R5 1K
Added Member To Class: ClassName=DHS Member=Component R6 1K
Added Member To Class: ClassName=DHS Member=Component R7 1K
Added Member To Class: ClassName=DHS Member=Component R8 1K
Added Member To Class: ClassName=DHS Member=Component R9 1K
Added Member To Class: ClassName=DHS Member=Component R10 1K
Added Member To Class: ClassName=DHS Member=Component R11 1K
Added Member To Class: ClassName=DHS Member=Component R12 1K
Added Member To Class: ClassName=DHS Member=Component R13 1K
Added Member To Class: ClassName=DHS Member=Component R14 1K
Added Member To Class: ClassName=DHS Member=Component R15 1K
Added Member To Class: ClassName=DHS Member=Component R16 1K
Added Member To Class: ClassName=DHS Member=Component R17 1K
Added Member To Class: ClassName=DHS Member=Component R18 1K
Added Member To Class: ClassName=DHS Member=Component R19 1K
Added Member To Class: ClassName=DHS Member=Component R20 1K
Added Member To Class: ClassName=DHS Member=Component R21 1K
Added Member To Class: ClassName=DHS Member=Component R22 1K
Added Member To Class: ClassName=DHS Member=Component R23 1K
Added Member To Class: ClassName=DHS Member=Component R24 1K
Added Member To Class: ClassName=DHS Member=Component R25 1K
Added Member To Class: ClassName=DHS Member=Component R26 1K
Added Member To Class: ClassName=DHS Member=Component R27 1K
Added Member To Class: ClassName=DHS Member=Component R28 1K
Added Member To Class: ClassName=DHS Member=Component R29 1K
Added Member To Class: ClassName=DHS Member=Component R30 1K
Added Member To Class: ClassName=DHS Member=Component R31 1K
Added Member To Class: ClassName=DHS Member=Component R32 1K
Added Member To Class: ClassName=DHS Member=Component R33 1K
Added Member To Class: ClassName=DHS Member=Component R34 1K
Added Member To Class: ClassName=DHS Member=Component R35 1K
Added Member To Class: ClassName=DHS Member=Component R36 1K
Added Member To Class: ClassName=DHS Member=Component R37 1K
Added Member To Class: ClassName=DHS Member=Component R38 1K
Added Member To Class: ClassName=DHS Member=Component R39 1K
Added Member To Class: ClassName=DHS Member=Component R40 1K
Added Member To Class: ClassName=DHS Member=Component R41 1K
Added Member To Class: ClassName=DHS Member=Component R42 1K
Added Member To Class: ClassName=DHS Member=Component R43 10K
Added Member To Class: ClassName=DHS Member=Component R44 10K
Added Member To Class: ClassName=DHS Member=Component R45 47M
Added Member To Class: ClassName=DHS Member=Component R46 10K
Added Member To Class: ClassName=DHS Member=Component R47 10K
Added Member To Class: ClassName=DHS Member=Component R48 2k2
Added Member To Class: ClassName=DHS Member=Component SW1 SW
Added Member To Class: ClassName=DHS Member=Component SW2 SW
Added Member To Class: ClassName=DHS Member=Component U1 4060
Added Member To Class: ClassName=DHS Member=Component U2 4081
Added Member To Class: ClassName=DHS Member=Component U3 7414
Added Member To Class: ClassName=DHS Member=Component U4 7414
