Removed Pin From Net: NetName=Q14 Pin=U1-3
Removed Pin From Net: NetName=NetR45_1 Pin=U1-10
Removed Pin From Net: NetName=NetC4_1 Pin=U1-11
Removed Pin From Net: NetName=GND Pin=U1-12
Removed Pin From Net: NetName=+5 Pin=U1-16
Add Component: Footprint Not Found DIP14/W0.3
Added Component: Designator=U1(DIP16)
Added Component: Designator=X1(XT2)
Add component (AddParameter): Name = "Value"; Value = "4Mhz"; VariantName = "[No Variations]"
Add Pin To Net: Unknown Pin: Pin IC13-1
Add Pin To Net: Unknown Pin: Pin IC13-2
Add Pin To Net: Unknown Pin: Pin IC13-3
Add Pin To Net: Unknown Pin: Pin IC13-4
Add Pin To Net: Unknown Pin: Pin IC13-5
Add Pin To Net: Unknown Pin: Pin IC13-6
Add Pin To Net: Unknown Pin: Pin IC13-7
Added Pin To Net: NetName=Q14 Pin=U1-3
Added Pin To Net: NetName=NetR45_1 Pin=U1-10
Added Pin To Net: NetName=NetC4_1 Pin=U1-11
Added Pin To Net: NetName=GND Pin=U1-12
Added Pin To Net: NetName=+5 Pin=U1-16
Added Pin To Net: NetName=NetC3_2 Pin=X1-1
Added Pin To Net: NetName=NetC4_1 Pin=X1-2
Add Class Member: Failed to add class member : Component IC13 CD4013
Added Member To Class: ClassName=DHS Member=Component X1 12Mhz
